2022-08-31 18:17:34,058-INFO-***********Test_001_LogIn*********
2022-08-31 18:17:34,059-INFO-***********verify home page title*********
2022-08-31 18:17:40,395-INFO-********home page title test is passed********
2022-08-31 18:17:41,670-INFO-***********verify login  page title*********
2022-08-31 18:17:47,140-INFO-********login test is passed*******
2022-08-31 18:18:33,029-INFO-***********Test_001_LogIn*********
2022-08-31 18:18:33,032-INFO-***********verify home page title*********
2022-08-31 18:18:39,359-ERROR-********home page title test is failed********
2022-08-31 18:18:40,938-INFO-***********verify login  page title*********
2022-08-31 18:18:45,502-INFO-********login test is passed*******
2022-09-01 12:14:50,294-INFO-***********Test_001_LogIn*********
2022-09-01 12:14:50,294-INFO-***********verify home page title*********
2022-09-01 12:14:52,841-ERROR-********home page title test is failed********
2022-09-01 12:14:54,388-INFO-***********verify login  page title*********
2022-09-01 12:14:58,026-INFO-********login test is passed*******
2022-09-01 13:16:29,716-INFO-***********Test_001_LogIn*********
2022-09-01 13:16:29,717-INFO-***********verify home page title*********
2022-09-01 13:16:35,915-ERROR-********home page title test is failed********
2022-09-01 13:16:37,481-INFO-***********verify login  page title*********
2022-09-01 13:16:42,665-INFO-********login test is passed*******
2022-09-01 14:08:38,463-INFO-***********Test_001_LogIn*********
2022-09-01 14:08:38,464-INFO-***********verify home page title*********
2022-09-01 14:08:42,077-INFO-***********verify login  page title*********
2022-09-01 14:11:06,328-INFO-***********Test_001_LogIn*********
2022-09-01 14:11:06,330-INFO-***********verify home page title*********
2022-09-01 14:11:09,966-INFO-***********verify login  page title*********
2022-09-01 14:11:56,639-INFO-***********Test_001_LogIn*********
2022-09-01 14:11:56,641-INFO-***********verify home page title*********
2022-09-01 14:12:00,248-INFO-***********verify login  page title*********
2022-09-01 14:14:06,631-INFO-***********Test_001_LogIn*********
2022-09-01 14:14:06,632-INFO-***********verify home page title*********
2022-09-01 14:14:08,556-INFO-********home page title test is passed********
2022-09-01 14:14:09,953-INFO-***********verify login  page title*********
2022-09-01 14:14:14,021-INFO-********login test is passed*******
2022-09-01 18:06:20,334-INFO-***********Test_001_LogIn*********
2022-09-01 18:06:20,334-INFO-***********verify home page title*********
2022-09-01 18:06:21,475-INFO-********home page title test is passed********
2022-09-01 18:06:22,613-INFO-***********verify login  page title*********
2022-09-01 18:06:25,976-INFO-********login test is passed*******
2022-09-03 15:08:06,624-INFO-***********Test_001_LogIn*********
2022-09-03 15:08:06,624-INFO-***********verify home page title*********
2022-09-03 15:08:08,537-INFO-********home page title test is passed********
2022-09-03 15:08:09,886-INFO-***********verify login  page title*********
2022-09-03 15:08:18,339-INFO-********login test is passed*******
2022-09-03 15:09:49,480-INFO-***********Test_001_LogIn*********
2022-09-03 15:09:49,481-INFO-***********verify home page title*********
2022-09-03 15:09:53,042-INFO-***********verify login  page title*********
2022-09-03 15:12:46,524-INFO-***********Test_001_LogIn*********
2022-09-03 15:12:46,524-INFO-***********verify home page title*********
2022-09-03 15:12:48,026-INFO-********home page title test is passed********
2022-09-03 15:12:49,365-INFO-***********verify login  page title*********
2022-09-03 15:12:53,104-INFO-********login test is passed*******
2022-09-03 15:16:33,441-INFO-***********verify login  page title*********
2022-09-03 15:16:33,462-INFO-***********Test_001_LogIn*********
2022-09-03 15:16:33,466-INFO-***********verify home page title*********
2022-09-03 15:16:38,519-INFO-********login test is passed*******
2022-09-03 15:16:39,413-INFO-********home page title test is passed********
2022-09-03 15:31:27,254-INFO-***********Test_001_LogIn*********
2022-09-03 15:31:27,255-INFO-***********verify home page title*********
2022-09-03 15:31:29,019-INFO-********home page title test is passed********
2022-09-03 15:31:30,326-INFO-***********verify login  page title*********
2022-09-03 15:31:34,838-INFO-********login test is passed*******
2022-09-03 17:20:35,080-INFO-***********Test_001_LogIn*********
2022-09-03 17:20:35,081-INFO-***********verify home page title*********
2022-09-03 17:20:37,057-INFO-********home page title test is passed********
2022-09-03 17:20:38,359-INFO-***********verify login  page title*********
2022-09-03 17:20:42,017-INFO-********login test is passed*******
2022-09-03 19:15:48,470-INFO-***test_002_ddt_login*******
2022-09-03 19:15:48,471-INFO-***********verify login  page title*********
2022-09-03 19:16:05,404-INFO-test is passed
2022-09-03 19:21:17,147-INFO-***test_002_ddt_login*******
2022-09-03 19:21:17,147-INFO-***********verify login  page title*********
2022-09-03 19:21:25,260-INFO-test is passed
2022-09-03 19:29:24,349-INFO-***test_002_ddt_login*******
2022-09-03 19:29:24,349-INFO-***********verify login  page title*********
2022-09-03 19:31:35,983-INFO-***test_002_ddt_login*******
2022-09-03 19:31:35,983-INFO-***********verify login  page title*********
2022-09-03 19:32:50,204-INFO-***test_002_ddt_login*******
2022-09-03 19:32:50,206-INFO-***********verify login  page title*********
2022-09-03 19:32:56,401-INFO-test is passed
2022-09-03 19:36:11,330-INFO-***test_002_ddt_login*******
2022-09-03 19:36:11,330-INFO-***********verify login  page title*********
2022-09-03 19:36:18,118-INFO-test is passed
2022-09-03 19:37:03,071-INFO-***test_002_ddt_login*******
2022-09-03 19:37:03,075-INFO-***********verify login  page title*********
2022-09-03 19:37:09,614-INFO-test is passed
2022-09-03 19:37:12,894-INFO-test is passed
2022-09-03 19:40:21,571-INFO-***test_002_ddt_login*******
2022-09-03 19:40:21,571-INFO-***********verify login  page title*********
2022-09-03 19:40:27,135-INFO-test is passed
2022-09-03 19:40:30,432-INFO-test is passed
2022-09-03 19:47:03,757-INFO-***test_002_ddt_login*******
2022-09-03 19:47:03,757-INFO-***********verify login  page title*********
2022-09-03 19:47:41,701-INFO-***test_002_ddt_login*******
2022-09-03 19:47:41,701-INFO-***********verify login  page title*********
2022-09-03 20:24:47,357-INFO-***test_002_ddt_login*******
2022-09-03 20:24:47,357-INFO-***********verify login  page title*********
2022-09-03 20:24:52,791-INFO-test is passed
2022-09-03 20:24:56,014-INFO-test is passed
2022-09-03 20:24:58,632-INFO-test is passed
2022-09-03 20:25:01,314-INFO-test is passed
2022-09-03 20:25:01,314-INFO-***login ddt is passed****
2022-09-04 19:30:07,048-INFO-***********Test_003_AddCustomer**********
2022-09-04 19:30:10,317-INFO-***************log in sucessful*********
2022-09-04 19:30:10,317-INFO-*******start add customer test**************
2022-09-04 19:35:51,613-INFO-***********Test_003_AddCustomer**********
2022-09-04 19:35:54,854-INFO-***************log in sucessful*********
2022-09-04 19:35:54,854-INFO-*******start add customer test**************
2022-09-04 19:43:02,774-INFO-***********Test_003_AddCustomer**********
2022-09-04 19:43:06,074-INFO-***************log in sucessful*********
2022-09-04 19:43:06,075-INFO-*******start add customer test**************
2022-09-04 19:43:14,624-INFO-***********providing customer info***********
2022-09-04 19:44:03,277-INFO-***********Test_003_AddCustomer**********
2022-09-04 19:44:06,572-INFO-***************log in sucessful*********
2022-09-04 19:44:06,572-INFO-*******start add customer test**************
2022-09-04 19:44:17,212-INFO-***********providing customer info***********
2022-09-04 19:49:55,429-INFO-***********Test_003_AddCustomer**********
2022-09-04 19:49:58,734-INFO-***************log in sucessful*********
2022-09-04 19:49:58,734-INFO-*******start add customer test**************
2022-09-04 19:50:13,494-INFO-***********providing customer info***********
2022-09-04 19:56:05,790-INFO-***********Test_003_AddCustomer**********
2022-09-04 19:56:40,698-INFO-***********Test_003_AddCustomer**********
2022-09-04 20:37:56,175-INFO-***********Test_003_AddCustomer**********
2022-09-04 20:38:10,040-INFO-***************log in sucessful*********
2022-09-04 20:38:10,040-INFO-*******start add customer test**************
2022-09-04 20:38:25,433-INFO-***********providing customer info***********
2022-09-04 20:38:41,090-INFO-********saving customer info **********
2022-09-04 20:38:41,090-INFO-***************add customer validation started*******
2022-09-04 20:38:41,292-INFO-*****add customere test passes***********
2022-09-04 20:38:41,395-INFO-**********ending add customer  test**********
2022-09-05 16:20:14,582-INFO-**************searchbyemail_004*********
2022-09-05 16:20:19,924-INFO-***********login sucessfull*************
2022-09-05 16:20:19,925-INFO-*********search customer by email*************
2022-09-05 16:20:21,162-INFO-*********searching customer by id*************
2022-09-05 16:26:55,409-INFO-**************searchbyemail_004*********
2022-09-05 16:26:59,639-INFO-***********login sucessfull*************
2022-09-05 16:26:59,640-INFO-*********search customer by email*************
2022-09-05 16:27:01,496-INFO-*********searching customer by id*************
2022-09-05 16:33:25,445-INFO-**************searchbyemail_004*********
2022-09-05 16:33:29,785-INFO-***********login sucessfull*************
2022-09-05 16:33:29,785-INFO-*********search customer by email*************
2022-09-05 16:33:30,986-INFO-*********searching customer by id*************
2022-09-05 16:33:36,364-INFO-********testcase_search by email finished***
2022-09-05 16:34:32,687-INFO-**************searchbyemail_004*********
2022-09-05 16:34:36,585-INFO-***********login sucessfull*************
2022-09-05 16:34:36,586-INFO-*********search customer by email*************
2022-09-05 16:34:37,779-INFO-*********searching customer by id*************
2022-09-05 16:34:43,163-INFO-********testcase_search by email finished***
2022-09-07 13:27:07,286-INFO-***********Test_003_AddCustomer**********
2022-09-07 13:27:07,286-INFO-***********Test_003_AddCustomer**********
2022-09-07 13:27:07,286-INFO-***********Test_003_AddCustomer**********
2022-09-07 13:27:07,286-INFO-***********Test_003_AddCustomer**********
2022-09-07 13:27:11,708-INFO-***************log in sucessful*********
2022-09-07 13:27:11,708-INFO-***************log in sucessful*********
2022-09-07 13:27:11,708-INFO-***************log in sucessful*********
2022-09-07 13:27:11,708-INFO-***************log in sucessful*********
2022-09-07 13:27:11,709-INFO-*******start add customer test**************
2022-09-07 13:27:11,709-INFO-*******start add customer test**************
2022-09-07 13:27:11,709-INFO-*******start add customer test**************
2022-09-07 13:27:11,709-INFO-*******start add customer test**************
2022-09-07 13:27:26,892-INFO-***********providing customer info***********
2022-09-07 13:27:26,892-INFO-***********providing customer info***********
2022-09-07 13:27:26,892-INFO-***********providing customer info***********
2022-09-07 13:27:26,892-INFO-***********providing customer info***********
2022-09-07 13:27:42,346-INFO-********saving customer info **********
2022-09-07 13:27:42,346-INFO-********saving customer info **********
2022-09-07 13:27:42,346-INFO-********saving customer info **********
2022-09-07 13:27:42,346-INFO-********saving customer info **********
2022-09-07 13:27:42,346-INFO-***************add customer validation started*******
2022-09-07 13:27:42,346-INFO-***************add customer validation started*******
2022-09-07 13:27:42,346-INFO-***************add customer validation started*******
2022-09-07 13:27:42,346-INFO-***************add customer validation started*******
2022-09-07 13:27:42,587-INFO-*****add customere test passes***********
2022-09-07 13:27:42,587-INFO-*****add customere test passes***********
2022-09-07 13:27:42,587-INFO-*****add customere test passes***********
2022-09-07 13:27:42,587-INFO-*****add customere test passes***********
2022-09-07 13:27:42,699-INFO-**********ending add customer  test**********
2022-09-07 13:27:42,699-INFO-**********ending add customer  test**********
2022-09-07 13:27:42,699-INFO-**********ending add customer  test**********
2022-09-07 13:27:42,699-INFO-**********ending add customer  test**********
2022-09-07 13:27:44,062-INFO-***********Test_001_LogIn*********
2022-09-07 13:27:44,062-INFO-***********Test_001_LogIn*********
2022-09-07 13:27:44,062-INFO-***********Test_001_LogIn*********
2022-09-07 13:27:44,062-INFO-***********Test_001_LogIn*********
2022-09-07 13:27:44,064-INFO-***********verify home page title*********
2022-09-07 13:27:44,064-INFO-***********verify home page title*********
2022-09-07 13:27:44,064-INFO-***********verify home page title*********
2022-09-07 13:27:44,064-INFO-***********verify home page title*********
2022-09-07 13:27:46,011-INFO-********home page title test is passed********
2022-09-07 13:27:46,011-INFO-********home page title test is passed********
2022-09-07 13:27:46,011-INFO-********home page title test is passed********
2022-09-07 13:27:46,011-INFO-********home page title test is passed********
2022-09-07 13:27:47,491-INFO-***********verify login  page title*********
2022-09-07 13:27:47,491-INFO-***********verify login  page title*********
2022-09-07 13:27:47,491-INFO-***********verify login  page title*********
2022-09-07 13:27:47,491-INFO-***********verify login  page title*********
2022-09-07 13:27:52,432-INFO-********login test is passed*******
2022-09-07 13:27:52,432-INFO-********login test is passed*******
2022-09-07 13:27:52,432-INFO-********login test is passed*******
2022-09-07 13:27:52,432-INFO-********login test is passed*******
2022-09-07 13:27:53,777-INFO-***test_002_ddt_login*******
2022-09-07 13:27:53,777-INFO-***test_002_ddt_login*******
2022-09-07 13:27:53,777-INFO-***test_002_ddt_login*******
2022-09-07 13:27:53,777-INFO-***test_002_ddt_login*******
2022-09-07 13:27:53,778-INFO-***********verify login  page title*********
2022-09-07 13:27:53,778-INFO-***********verify login  page title*********
2022-09-07 13:27:53,778-INFO-***********verify login  page title*********
2022-09-07 13:27:53,778-INFO-***********verify login  page title*********
2022-09-07 13:27:59,454-INFO-test is passed
2022-09-07 13:27:59,454-INFO-test is passed
2022-09-07 13:27:59,454-INFO-test is passed
2022-09-07 13:27:59,454-INFO-test is passed
2022-09-07 13:28:02,843-INFO-test is passed
2022-09-07 13:28:02,843-INFO-test is passed
2022-09-07 13:28:02,843-INFO-test is passed
2022-09-07 13:28:02,843-INFO-test is passed
2022-09-07 13:28:05,634-INFO-test is passed
2022-09-07 13:28:05,634-INFO-test is passed
2022-09-07 13:28:05,634-INFO-test is passed
2022-09-07 13:28:05,634-INFO-test is passed
2022-09-07 13:28:08,296-INFO-test is passed
2022-09-07 13:28:08,296-INFO-test is passed
2022-09-07 13:28:08,296-INFO-test is passed
2022-09-07 13:28:08,296-INFO-test is passed
2022-09-07 13:28:08,296-INFO-***login ddt is passed****
2022-09-07 13:28:08,296-INFO-***login ddt is passed****
2022-09-07 13:28:08,296-INFO-***login ddt is passed****
2022-09-07 13:28:08,296-INFO-***login ddt is passed****
2022-09-07 13:28:09,808-INFO-**************searchbyemail_004*********
2022-09-07 13:28:09,808-INFO-**************searchbyemail_004*********
2022-09-07 13:28:09,808-INFO-**************searchbyemail_004*********
2022-09-07 13:28:09,808-INFO-**************searchbyemail_004*********
2022-09-07 13:28:13,938-INFO-***********login sucessfull*************
2022-09-07 13:28:13,938-INFO-***********login sucessfull*************
2022-09-07 13:28:13,938-INFO-***********login sucessfull*************
2022-09-07 13:28:13,938-INFO-***********login sucessfull*************
2022-09-07 13:28:13,938-INFO-*********search customer by email*************
2022-09-07 13:28:13,938-INFO-*********search customer by email*************
2022-09-07 13:28:13,938-INFO-*********search customer by email*************
2022-09-07 13:28:13,938-INFO-*********search customer by email*************
2022-09-07 13:28:15,694-INFO-*********searching customer by id*************
2022-09-07 13:28:15,694-INFO-*********searching customer by id*************
2022-09-07 13:28:15,694-INFO-*********searching customer by id*************
2022-09-07 13:28:15,694-INFO-*********searching customer by id*************
2022-09-07 13:28:21,149-INFO-********testcase_search by email finished***
2022-09-07 13:28:21,149-INFO-********testcase_search by email finished***
2022-09-07 13:28:21,149-INFO-********testcase_search by email finished***
2022-09-07 13:28:21,149-INFO-********testcase_search by email finished***
2022-09-07 14:38:16,302-INFO-***********Test_003_AddCustomer**********
2022-09-07 14:38:16,302-INFO-***********Test_003_AddCustomer**********
2022-09-07 14:38:16,302-INFO-***********Test_003_AddCustomer**********
2022-09-07 14:38:16,302-INFO-***********Test_003_AddCustomer**********
2022-09-07 14:38:20,703-INFO-***************log in sucessful*********
2022-09-07 14:38:20,703-INFO-***************log in sucessful*********
2022-09-07 14:38:20,703-INFO-***************log in sucessful*********
2022-09-07 14:38:20,703-INFO-***************log in sucessful*********
2022-09-07 14:38:20,703-INFO-*******start add customer test**************
2022-09-07 14:38:20,703-INFO-*******start add customer test**************
2022-09-07 14:38:20,703-INFO-*******start add customer test**************
2022-09-07 14:38:20,703-INFO-*******start add customer test**************
2022-09-07 14:38:32,936-INFO-***********providing customer info***********
2022-09-07 14:38:32,936-INFO-***********providing customer info***********
2022-09-07 14:38:32,936-INFO-***********providing customer info***********
2022-09-07 14:38:32,936-INFO-***********providing customer info***********
2022-09-07 14:38:47,221-INFO-********saving customer info **********
2022-09-07 14:38:47,221-INFO-********saving customer info **********
2022-09-07 14:38:47,221-INFO-********saving customer info **********
2022-09-07 14:38:47,221-INFO-********saving customer info **********
2022-09-07 14:38:47,221-INFO-***************add customer validation started*******
2022-09-07 14:38:47,221-INFO-***************add customer validation started*******
2022-09-07 14:38:47,221-INFO-***************add customer validation started*******
2022-09-07 14:38:47,221-INFO-***************add customer validation started*******
2022-09-07 14:38:47,441-INFO-*****add customere test passes***********
2022-09-07 14:38:47,441-INFO-*****add customere test passes***********
2022-09-07 14:38:47,441-INFO-*****add customere test passes***********
2022-09-07 14:38:47,441-INFO-*****add customere test passes***********
2022-09-07 14:38:47,505-INFO-**********ending add customer  test**********
2022-09-07 14:38:47,505-INFO-**********ending add customer  test**********
2022-09-07 14:38:47,505-INFO-**********ending add customer  test**********
2022-09-07 14:38:47,505-INFO-**********ending add customer  test**********
2022-09-07 14:38:48,714-INFO-***********Test_001_LogIn*********
2022-09-07 14:38:48,714-INFO-***********Test_001_LogIn*********
2022-09-07 14:38:48,714-INFO-***********Test_001_LogIn*********
2022-09-07 14:38:48,714-INFO-***********Test_001_LogIn*********
2022-09-07 14:38:48,714-INFO-***********verify home page title*********
2022-09-07 14:38:48,714-INFO-***********verify home page title*********
2022-09-07 14:38:48,714-INFO-***********verify home page title*********
2022-09-07 14:38:48,714-INFO-***********verify home page title*********
2022-09-07 14:38:50,698-INFO-********home page title test is passed********
2022-09-07 14:38:50,698-INFO-********home page title test is passed********
2022-09-07 14:38:50,698-INFO-********home page title test is passed********
2022-09-07 14:38:50,698-INFO-********home page title test is passed********
2022-09-07 18:35:37,395-INFO-***********Test_003_AddCustomer**********
2022-09-07 18:35:37,395-INFO-***********Test_003_AddCustomer**********
2022-09-07 18:35:37,395-INFO-***********Test_003_AddCustomer**********
2022-09-07 18:35:37,395-INFO-***********Test_003_AddCustomer**********
2022-09-07 18:35:46,404-INFO-***************log in sucessful*********
2022-09-07 18:35:46,404-INFO-***************log in sucessful*********
2022-09-07 18:35:46,404-INFO-***************log in sucessful*********
2022-09-07 18:35:46,404-INFO-***************log in sucessful*********
2022-09-07 18:35:46,405-INFO-*******start add customer test**************
2022-09-07 18:35:46,405-INFO-*******start add customer test**************
2022-09-07 18:35:46,405-INFO-*******start add customer test**************
2022-09-07 18:35:46,405-INFO-*******start add customer test**************
2022-09-07 18:36:01,332-INFO-***********providing customer info***********
2022-09-07 18:36:01,332-INFO-***********providing customer info***********
2022-09-07 18:36:01,332-INFO-***********providing customer info***********
2022-09-07 18:36:01,332-INFO-***********providing customer info***********
2022-09-07 18:36:16,353-INFO-********saving customer info **********
2022-09-07 18:36:16,353-INFO-********saving customer info **********
2022-09-07 18:36:16,353-INFO-********saving customer info **********
2022-09-07 18:36:16,353-INFO-********saving customer info **********
2022-09-07 18:36:16,354-INFO-***************add customer validation started*******
2022-09-07 18:36:16,354-INFO-***************add customer validation started*******
2022-09-07 18:36:16,354-INFO-***************add customer validation started*******
2022-09-07 18:36:16,354-INFO-***************add customer validation started*******
2022-09-07 18:36:16,572-INFO-*****add customere test passes***********
2022-09-07 18:36:16,572-INFO-*****add customere test passes***********
2022-09-07 18:36:16,572-INFO-*****add customere test passes***********
2022-09-07 18:36:16,572-INFO-*****add customere test passes***********
2022-09-07 18:36:16,708-INFO-**********ending add customer  test**********
2022-09-07 18:36:16,708-INFO-**********ending add customer  test**********
2022-09-07 18:36:16,708-INFO-**********ending add customer  test**********
2022-09-07 18:36:16,708-INFO-**********ending add customer  test**********
2022-09-07 18:36:18,075-INFO-***********Test_001_LogIn*********
2022-09-07 18:36:18,075-INFO-***********Test_001_LogIn*********
2022-09-07 18:36:18,075-INFO-***********Test_001_LogIn*********
2022-09-07 18:36:18,075-INFO-***********Test_001_LogIn*********
2022-09-07 18:36:18,075-INFO-***********verify home page title*********
2022-09-07 18:36:18,075-INFO-***********verify home page title*********
2022-09-07 18:36:18,075-INFO-***********verify home page title*********
2022-09-07 18:36:18,075-INFO-***********verify home page title*********
2022-09-07 18:36:19,852-INFO-********home page title test is passed********
2022-09-07 18:36:19,852-INFO-********home page title test is passed********
2022-09-07 18:36:19,852-INFO-********home page title test is passed********
2022-09-07 18:36:19,852-INFO-********home page title test is passed********
2022-09-07 18:39:54,985-INFO-***********Test_003_AddCustomer**********
2022-09-07 18:39:54,985-INFO-***********Test_003_AddCustomer**********
2022-09-07 18:39:54,985-INFO-***********Test_003_AddCustomer**********
2022-09-07 18:39:54,985-INFO-***********Test_003_AddCustomer**********
2022-09-07 18:39:59,297-INFO-***************log in sucessful*********
2022-09-07 18:39:59,297-INFO-***************log in sucessful*********
2022-09-07 18:39:59,297-INFO-***************log in sucessful*********
2022-09-07 18:39:59,297-INFO-***************log in sucessful*********
2022-09-07 18:39:59,298-INFO-*******start add customer test**************
2022-09-07 18:39:59,298-INFO-*******start add customer test**************
2022-09-07 18:39:59,298-INFO-*******start add customer test**************
2022-09-07 18:39:59,298-INFO-*******start add customer test**************
2022-09-07 18:40:12,166-INFO-***********providing customer info***********
2022-09-07 18:40:12,166-INFO-***********providing customer info***********
2022-09-07 18:40:12,166-INFO-***********providing customer info***********
2022-09-07 18:40:12,166-INFO-***********providing customer info***********
2022-09-07 18:40:27,065-INFO-********saving customer info **********
2022-09-07 18:40:27,065-INFO-********saving customer info **********
2022-09-07 18:40:27,065-INFO-********saving customer info **********
2022-09-07 18:40:27,065-INFO-********saving customer info **********
2022-09-07 18:40:27,067-INFO-***************add customer validation started*******
2022-09-07 18:40:27,067-INFO-***************add customer validation started*******
2022-09-07 18:40:27,067-INFO-***************add customer validation started*******
2022-09-07 18:40:27,067-INFO-***************add customer validation started*******
2022-09-07 18:40:27,280-INFO-*****add customere test passes***********
2022-09-07 18:40:27,280-INFO-*****add customere test passes***********
2022-09-07 18:40:27,280-INFO-*****add customere test passes***********
2022-09-07 18:40:27,280-INFO-*****add customere test passes***********
2022-09-07 18:40:27,382-INFO-**********ending add customer  test**********
2022-09-07 18:40:27,382-INFO-**********ending add customer  test**********
2022-09-07 18:40:27,382-INFO-**********ending add customer  test**********
2022-09-07 18:40:27,382-INFO-**********ending add customer  test**********
2022-09-07 18:40:28,781-INFO-***********Test_001_LogIn*********
2022-09-07 18:40:28,781-INFO-***********Test_001_LogIn*********
2022-09-07 18:40:28,781-INFO-***********Test_001_LogIn*********
2022-09-07 18:40:28,781-INFO-***********Test_001_LogIn*********
2022-09-07 18:40:28,781-INFO-***********verify home page title*********
2022-09-07 18:40:28,781-INFO-***********verify home page title*********
2022-09-07 18:40:28,781-INFO-***********verify home page title*********
2022-09-07 18:40:28,781-INFO-***********verify home page title*********
2022-09-07 18:40:30,969-INFO-********home page title test is passed********
2022-09-07 18:40:30,969-INFO-********home page title test is passed********
2022-09-07 18:40:30,969-INFO-********home page title test is passed********
2022-09-07 18:40:30,969-INFO-********home page title test is passed********
2022-09-07 18:51:10,279-INFO-***********Test_003_AddCustomer**********
2022-09-07 18:51:10,279-INFO-***********Test_003_AddCustomer**********
2022-09-07 18:51:10,279-INFO-***********Test_003_AddCustomer**********
2022-09-07 18:51:10,279-INFO-***********Test_003_AddCustomer**********
2022-09-07 18:51:22,518-INFO-***************log in sucessful*********
2022-09-07 18:51:22,518-INFO-***************log in sucessful*********
2022-09-07 18:51:22,518-INFO-***************log in sucessful*********
2022-09-07 18:51:22,518-INFO-***************log in sucessful*********
2022-09-07 18:51:22,518-INFO-*******start add customer test**************
2022-09-07 18:51:22,518-INFO-*******start add customer test**************
2022-09-07 18:51:22,518-INFO-*******start add customer test**************
2022-09-07 18:51:22,518-INFO-*******start add customer test**************
2022-09-07 18:51:37,264-INFO-***********providing customer info***********
2022-09-07 18:51:37,264-INFO-***********providing customer info***********
2022-09-07 18:51:37,264-INFO-***********providing customer info***********
2022-09-07 18:51:37,264-INFO-***********providing customer info***********
2022-09-07 18:51:52,278-INFO-********saving customer info **********
2022-09-07 18:51:52,278-INFO-********saving customer info **********
2022-09-07 18:51:52,278-INFO-********saving customer info **********
2022-09-07 18:51:52,278-INFO-********saving customer info **********
2022-09-07 18:51:52,278-INFO-***************add customer validation started*******
2022-09-07 18:51:52,278-INFO-***************add customer validation started*******
2022-09-07 18:51:52,278-INFO-***************add customer validation started*******
2022-09-07 18:51:52,278-INFO-***************add customer validation started*******
2022-09-07 18:51:52,540-INFO-*****add customere test passes***********
2022-09-07 18:51:52,540-INFO-*****add customere test passes***********
2022-09-07 18:51:52,540-INFO-*****add customere test passes***********
2022-09-07 18:51:52,540-INFO-*****add customere test passes***********
2022-09-07 18:51:52,693-INFO-**********ending add customer  test**********
2022-09-07 18:51:52,693-INFO-**********ending add customer  test**********
2022-09-07 18:51:52,693-INFO-**********ending add customer  test**********
2022-09-07 18:51:52,693-INFO-**********ending add customer  test**********
2022-09-07 18:51:54,056-INFO-***********Test_001_LogIn*********
2022-09-07 18:51:54,056-INFO-***********Test_001_LogIn*********
2022-09-07 18:51:54,056-INFO-***********Test_001_LogIn*********
2022-09-07 18:51:54,056-INFO-***********Test_001_LogIn*********
2022-09-07 18:51:54,056-INFO-***********verify home page title*********
2022-09-07 18:51:54,056-INFO-***********verify home page title*********
2022-09-07 18:51:54,056-INFO-***********verify home page title*********
2022-09-07 18:51:54,056-INFO-***********verify home page title*********
2022-09-07 18:51:55,911-INFO-********home page title test is passed********
2022-09-07 18:51:55,911-INFO-********home page title test is passed********
2022-09-07 18:51:55,911-INFO-********home page title test is passed********
2022-09-07 18:51:55,911-INFO-********home page title test is passed********
2022-09-10 15:02:25,282-INFO-***********Test_003_AddCustomer**********
2022-09-10 15:02:25,282-INFO-***********Test_003_AddCustomer**********
2022-09-10 15:02:25,282-INFO-***********Test_003_AddCustomer**********
2022-09-10 15:02:25,282-INFO-***********Test_003_AddCustomer**********
2022-09-10 15:02:30,193-INFO-***************log in sucessful*********
2022-09-10 15:02:30,193-INFO-***************log in sucessful*********
2022-09-10 15:02:30,193-INFO-***************log in sucessful*********
2022-09-10 15:02:30,193-INFO-***************log in sucessful*********
2022-09-10 15:02:30,193-INFO-*******start add customer test**************
2022-09-10 15:02:30,193-INFO-*******start add customer test**************
2022-09-10 15:02:30,193-INFO-*******start add customer test**************
2022-09-10 15:02:30,193-INFO-*******start add customer test**************
2022-09-10 15:02:47,308-INFO-***********providing customer info***********
2022-09-10 15:02:47,308-INFO-***********providing customer info***********
2022-09-10 15:02:47,308-INFO-***********providing customer info***********
2022-09-10 15:02:47,308-INFO-***********providing customer info***********
2022-09-10 15:03:02,715-INFO-********saving customer info **********
2022-09-10 15:03:02,715-INFO-********saving customer info **********
2022-09-10 15:03:02,715-INFO-********saving customer info **********
2022-09-10 15:03:02,715-INFO-********saving customer info **********
2022-09-10 15:03:02,716-INFO-***************add customer validation started*******
2022-09-10 15:03:02,716-INFO-***************add customer validation started*******
2022-09-10 15:03:02,716-INFO-***************add customer validation started*******
2022-09-10 15:03:02,716-INFO-***************add customer validation started*******
2022-09-10 15:03:02,946-INFO-*****add customere test passes***********
2022-09-10 15:03:02,946-INFO-*****add customere test passes***********
2022-09-10 15:03:02,946-INFO-*****add customere test passes***********
2022-09-10 15:03:02,946-INFO-*****add customere test passes***********
2022-09-10 15:03:03,078-INFO-**********ending add customer  test**********
2022-09-10 15:03:03,078-INFO-**********ending add customer  test**********
2022-09-10 15:03:03,078-INFO-**********ending add customer  test**********
2022-09-10 15:03:03,078-INFO-**********ending add customer  test**********
2022-09-10 15:03:04,323-INFO-***********Test_001_LogIn*********
2022-09-10 15:03:04,323-INFO-***********Test_001_LogIn*********
2022-09-10 15:03:04,323-INFO-***********Test_001_LogIn*********
2022-09-10 15:03:04,323-INFO-***********Test_001_LogIn*********
2022-09-10 15:03:04,324-INFO-***********verify home page title*********
2022-09-10 15:03:04,324-INFO-***********verify home page title*********
2022-09-10 15:03:04,324-INFO-***********verify home page title*********
2022-09-10 15:03:04,324-INFO-***********verify home page title*********
2022-09-10 15:03:06,302-INFO-********home page title test is passed********
2022-09-10 15:03:06,302-INFO-********home page title test is passed********
2022-09-10 15:03:06,302-INFO-********home page title test is passed********
2022-09-10 15:03:06,302-INFO-********home page title test is passed********
2022-09-10 15:03:07,488-INFO-***********verify login  page title*********
2022-09-10 15:03:07,488-INFO-***********verify login  page title*********
2022-09-10 15:03:07,488-INFO-***********verify login  page title*********
2022-09-10 15:03:07,488-INFO-***********verify login  page title*********
2022-09-10 15:03:10,923-INFO-********login test is passed*******
2022-09-10 15:03:10,923-INFO-********login test is passed*******
2022-09-10 15:03:10,923-INFO-********login test is passed*******
2022-09-10 15:03:10,923-INFO-********login test is passed*******
2022-09-10 15:03:12,139-INFO-***test_002_ddt_login*******
2022-09-10 15:03:12,139-INFO-***test_002_ddt_login*******
2022-09-10 15:03:12,139-INFO-***test_002_ddt_login*******
2022-09-10 15:03:12,139-INFO-***test_002_ddt_login*******
2022-09-10 15:03:12,139-INFO-***********verify login  page title*********
2022-09-10 15:03:12,139-INFO-***********verify login  page title*********
2022-09-10 15:03:12,139-INFO-***********verify login  page title*********
2022-09-10 15:03:12,139-INFO-***********verify login  page title*********
2022-09-10 15:03:17,689-INFO-test is passed
2022-09-10 15:03:17,689-INFO-test is passed
2022-09-10 15:03:17,689-INFO-test is passed
2022-09-10 15:03:17,689-INFO-test is passed
2022-09-10 15:03:21,184-INFO-test is passed
2022-09-10 15:03:21,184-INFO-test is passed
2022-09-10 15:03:21,184-INFO-test is passed
2022-09-10 15:03:21,184-INFO-test is passed
2022-09-10 15:03:24,176-INFO-test is passed
2022-09-10 15:03:24,176-INFO-test is passed
2022-09-10 15:03:24,176-INFO-test is passed
2022-09-10 15:03:24,176-INFO-test is passed
2022-09-10 15:03:26,862-INFO-test is passed
2022-09-10 15:03:26,862-INFO-test is passed
2022-09-10 15:03:26,862-INFO-test is passed
2022-09-10 15:03:26,862-INFO-test is passed
2022-09-10 15:03:26,862-INFO-***login ddt is passed****
2022-09-10 15:03:26,862-INFO-***login ddt is passed****
2022-09-10 15:03:26,862-INFO-***login ddt is passed****
2022-09-10 15:03:26,862-INFO-***login ddt is passed****
2022-09-10 15:03:28,208-INFO-**************searchbyemail_004*********
2022-09-10 15:03:28,208-INFO-**************searchbyemail_004*********
2022-09-10 15:03:28,208-INFO-**************searchbyemail_004*********
2022-09-10 15:03:28,208-INFO-**************searchbyemail_004*********
2022-09-10 15:03:32,510-INFO-***********login sucessfull*************
2022-09-10 15:03:32,510-INFO-***********login sucessfull*************
2022-09-10 15:03:32,510-INFO-***********login sucessfull*************
2022-09-10 15:03:32,510-INFO-***********login sucessfull*************
2022-09-10 15:03:32,511-INFO-*********search customer by email*************
2022-09-10 15:03:32,511-INFO-*********search customer by email*************
2022-09-10 15:03:32,511-INFO-*********search customer by email*************
2022-09-10 15:03:32,511-INFO-*********search customer by email*************
2022-09-10 15:03:34,299-INFO-*********searching customer by id*************
2022-09-10 15:03:34,299-INFO-*********searching customer by id*************
2022-09-10 15:03:34,299-INFO-*********searching customer by id*************
2022-09-10 15:03:34,299-INFO-*********searching customer by id*************
2022-09-10 15:03:39,651-INFO-********testcase_search by email finished***
2022-09-10 15:03:39,651-INFO-********testcase_search by email finished***
2022-09-10 15:03:39,651-INFO-********testcase_search by email finished***
2022-09-10 15:03:39,651-INFO-********testcase_search by email finished***
2022-09-10 15:06:22,337-INFO-***********Test_003_AddCustomer**********
2022-09-10 15:06:22,337-INFO-***********Test_003_AddCustomer**********
2022-09-10 15:06:22,337-INFO-***********Test_003_AddCustomer**********
2022-09-10 15:06:22,337-INFO-***********Test_003_AddCustomer**********
2022-09-10 15:06:26,403-INFO-***************log in sucessful*********
2022-09-10 15:06:26,403-INFO-***************log in sucessful*********
2022-09-10 15:06:26,403-INFO-***************log in sucessful*********
2022-09-10 15:06:26,403-INFO-***************log in sucessful*********
2022-09-10 15:06:26,404-INFO-*******start add customer test**************
2022-09-10 15:06:26,404-INFO-*******start add customer test**************
2022-09-10 15:06:26,404-INFO-*******start add customer test**************
2022-09-10 15:06:26,404-INFO-*******start add customer test**************
